<?xml version="1.0" encoding="UTF-8"?>
<testsuite name="com.phonebook.tests.HomePageTests" tests="1" skipped="0" failures="0" errors="0" timestamp="2024-03-04T10:48:54" hostname="DESKTOP-URUOCDB" time="0.008">
  <properties/>
  <testcase name="isHomeComponentPresentTest" classname="com.phonebook.tests.HomePageTests" time="0.008"/>
  <system-out><![CDATA[14:48:54.845 [Test worker] INFO  com.phonebook.tests.TestBase -- Start testisHomeComponentPresentTest with data: []
14:48:54.882 [Test worker] INFO  com.phonebook.tests.TestBase -- PASSED: isHomeComponentPresentTest
14:48:54.882 [Test worker] INFO  com.phonebook.tests.TestBase -- Stop test
14:48:54.882 [Test worker] INFO  com.phonebook.tests.TestBase -- ***********************
]]></system-out>
  <system-err><![CDATA[]]></system-err>
</testsuite>
