<?xml version="1.0" encoding="UTF-8"?>
<testsuite name="com.phonebook.tests.LoginTests" tests="1" skipped="0" failures="0" errors="0" timestamp="2024-03-04T10:48:54" hostname="DESKTOP-URUOCDB" time="1.736">
  <properties/>
  <testcase name="loginPositiveTest" classname="com.phonebook.tests.LoginTests" time="1.736"/>
  <system-out><![CDATA[14:48:54.888 [Test worker] INFO  com.phonebook.tests.TestBase -- Start testloginPositiveTest with data: []
14:48:56.635 [Test worker] INFO  com.phonebook.tests.TestBase -- PASSED: loginPositiveTest
14:48:56.635 [Test worker] INFO  com.phonebook.tests.TestBase -- Stop test
14:48:56.636 [Test worker] INFO  com.phonebook.tests.TestBase -- ***********************
]]></system-out>
  <system-err><![CDATA[]]></system-err>
</testsuite>
