<?xml version="1.0" encoding="UTF-8"?>
<testsuite name="com.phonebook.tests.DeleteContactTests" tests="1" skipped="0" failures="0" errors="0" timestamp="2024-03-04T10:49:23" hostname="DESKTOP-URUOCDB" time="1.664">
  <properties/>
  <testcase name="removeContactTest" classname="com.phonebook.tests.DeleteContactTests" time="1.664"/>
  <system-out><![CDATA[14:49:10.705 [Test worker] INFO  com.phonebook.tests.TestBase -- Start testremoveContactTest with data: []
14:49:25.631 [Test worker] INFO  com.phonebook.tests.TestBase -- PASSED: removeContactTest
14:49:25.631 [Test worker] INFO  com.phonebook.tests.TestBase -- Stop test
14:49:25.631 [Test worker] INFO  com.phonebook.tests.TestBase -- ***********************
]]></system-out>
  <system-err><![CDATA[]]></system-err>
</testsuite>
